-------------------------------------------------------------------------------
Test set: com.dir.inno.normalizacion_pdfs.LectorPDFImpreso47Test
-------------------------------------------------------------------------------
Tests run: 8, Failures: 8, Errors: 0, Skipped: 0, Time elapsed: 0.016 sec <<< FAILURE! - in com.dir.inno.normalizacion_pdfs.LectorPDFImpreso47Test
com.dir.inno.normalizacion_pdfs.LectorPDFImpreso47Test.testObtenerRepLegal()  Time elapsed: 0.016 sec  <<< FAILURE!
java.lang.NullPointerException
	at com.dir.inno.normalizacion_pdfs.LectorPDFImpreso47Test.testObtenerRepLegal(LectorPDFImpreso47Test.java:277)

com.dir.inno.normalizacion_pdfs.LectorPDFImpreso47Test.testObtenerActividades()  Time elapsed: 0 sec  <<< FAILURE!
java.lang.NullPointerException
	at com.dir.inno.normalizacion_pdfs.LectorPDFImpreso47Test.testObtenerActividades(LectorPDFImpreso47Test.java:233)

com.dir.inno.normalizacion_pdfs.LectorPDFImpreso47Test.testObtenerNombre()  Time elapsed: 0 sec  <<< FAILURE!
java.lang.NullPointerException
	at com.dir.inno.normalizacion_pdfs.LectorPDFImpreso47Test.testObtenerNombre(LectorPDFImpreso47Test.java:134)

com.dir.inno.normalizacion_pdfs.LectorPDFImpreso47Test.testObtenerVersion()  Time elapsed: 0 sec  <<< FAILURE!
java.lang.NullPointerException
	at com.dir.inno.normalizacion_pdfs.LectorPDFImpreso47Test.testObtenerVersion(LectorPDFImpreso47Test.java:102)

com.dir.inno.normalizacion_pdfs.LectorPDFImpreso47Test.testObtenerConsultor()  Time elapsed: 0 sec  <<< FAILURE!
java.lang.NullPointerException
	at com.dir.inno.normalizacion_pdfs.LectorPDFImpreso47Test.testObtenerConsultor(LectorPDFImpreso47Test.java:309)

com.dir.inno.normalizacion_pdfs.LectorPDFImpreso47Test.testObtenerCuit()  Time elapsed: 0 sec  <<< FAILURE!
java.lang.NullPointerException
	at com.dir.inno.normalizacion_pdfs.LectorPDFImpreso47Test.testObtenerCuit(LectorPDFImpreso47Test.java:166)

com.dir.inno.normalizacion_pdfs.LectorPDFImpreso47Test.testObtenerFechaInicioAct()  Time elapsed: 0 sec  <<< FAILURE!
java.lang.NullPointerException
	at com.dir.inno.normalizacion_pdfs.LectorPDFImpreso47Test.testObtenerFechaInicioAct(LectorPDFImpreso47Test.java:200)

com.dir.inno.normalizacion_pdfs.LectorPDFImpreso47Test.testObtenerNombreArchivoFotoSat()  Time elapsed: 0 sec  <<< FAILURE!
java.lang.NullPointerException
	at com.dir.inno.normalizacion_pdfs.LectorPDFImpreso47Test.testObtenerNombreArchivoFotoSat(LectorPDFImpreso47Test.java:341)

