-------------------------------------------------------------------------------
Test set: com.dir.inno.normalizacion_pdfs.LectorPDFImpreso47Test
-------------------------------------------------------------------------------
Tests run: 10, Failures: 0, Errors: 10, Skipped: 0, Time elapsed: 2.516 sec <<< FAILURE! - in com.dir.inno.normalizacion_pdfs.LectorPDFImpreso47Test
testObtenerCuit  Time elapsed: 0.922 sec  <<< ERROR!
java.io.FileNotFoundException: D: \Formulario de presentacion v4.7(3)_impreso.pdf (El sistema no puede encontrar la ruta especificada)
	at com.dir.inno.normalizacion_pdfs.LectorPDFImpreso47Test.setUp(LectorPDFImpreso47Test.java:58)

testObtenerConsultor  Time elapsed: 0.219 sec  <<< ERROR!
java.io.FileNotFoundException: D: \Formulario de presentacion v4.7(3)_impreso.pdf (El sistema no puede encontrar la ruta especificada)
	at com.dir.inno.normalizacion_pdfs.LectorPDFImpreso47Test.setUp(LectorPDFImpreso47Test.java:58)

testObtenerFechaInicioAct  Time elapsed: 0.187 sec  <<< ERROR!
java.io.FileNotFoundException: D: \Formulario de presentacion v4.7(3)_impreso.pdf (El sistema no puede encontrar la ruta especificada)
	at com.dir.inno.normalizacion_pdfs.LectorPDFImpreso47Test.setUp(LectorPDFImpreso47Test.java:58)

testObtenerRepLegal  Time elapsed: 0.188 sec  <<< ERROR!
java.io.FileNotFoundException: D: \Formulario de presentacion v4.7(3)_impreso.pdf (El sistema no puede encontrar la ruta especificada)
	at com.dir.inno.normalizacion_pdfs.LectorPDFImpreso47Test.setUp(LectorPDFImpreso47Test.java:58)

testObtenerDomicilioConst  Time elapsed: 0.219 sec  <<< ERROR!
java.io.FileNotFoundException: D: \Formulario de presentacion v4.7(3)_impreso.pdf (El sistema no puede encontrar la ruta especificada)
	at com.dir.inno.normalizacion_pdfs.LectorPDFImpreso47Test.setUp(LectorPDFImpreso47Test.java:58)

testObtenerDomicilioLegal  Time elapsed: 0.125 sec  <<< ERROR!
java.io.FileNotFoundException: D: \Formulario de presentacion v4.7(3)_impreso.pdf (El sistema no puede encontrar la ruta especificada)
	at com.dir.inno.normalizacion_pdfs.LectorPDFImpreso47Test.setUp(LectorPDFImpreso47Test.java:58)

testObtenerActividades  Time elapsed: 0.156 sec  <<< ERROR!
java.io.FileNotFoundException: D: \Formulario de presentacion v4.7(3)_impreso.pdf (El sistema no puede encontrar la ruta especificada)
	at com.dir.inno.normalizacion_pdfs.LectorPDFImpreso47Test.setUp(LectorPDFImpreso47Test.java:58)

testObtenerVersion  Time elapsed: 0.172 sec  <<< ERROR!
java.io.FileNotFoundException: D: \Formulario de presentacion v4.7(3)_impreso.pdf (El sistema no puede encontrar la ruta especificada)
	at com.dir.inno.normalizacion_pdfs.LectorPDFImpreso47Test.setUp(LectorPDFImpreso47Test.java:58)

testObtenerNombre  Time elapsed: 0.172 sec  <<< ERROR!
java.io.FileNotFoundException: D: \Formulario de presentacion v4.7(3)_impreso.pdf (El sistema no puede encontrar la ruta especificada)
	at com.dir.inno.normalizacion_pdfs.LectorPDFImpreso47Test.setUp(LectorPDFImpreso47Test.java:58)

testObtenerNomina  Time elapsed: 0.156 sec  <<< ERROR!
java.io.FileNotFoundException: D: \Formulario de presentacion v4.7(3)_impreso.pdf (El sistema no puede encontrar la ruta especificada)
	at com.dir.inno.normalizacion_pdfs.LectorPDFImpreso47Test.setUp(LectorPDFImpreso47Test.java:58)

