-------------------------------------------------------------------------------
Test set: com.dir.inno.normalizacion_pdfs.LectorPDFImpreso47Test
-------------------------------------------------------------------------------
Tests run: 14, Failures: 4, Errors: 0, Skipped: 0, Time elapsed: 215.677 sec <<< FAILURE! - in com.dir.inno.normalizacion_pdfs.LectorPDFImpreso47Test
testObtenerDomicilioConst  Time elapsed: 0.371 sec  <<< FAILURE!
org.opentest4j.AssertionFailedError: 
expected: <CalleDomicilioConstituido nºcalle, Piso null, Depto 2,
Localidaddomconstituido, Departamentodomicilioconst, Entre Ríos
CP codPost
Tel.: 3414567897
E-mail: domicilioConstituido@mail.com> but was: <CalleDomicilioConstituido nºcalle, Piso 2, Depto null,
Localidaddomconstituido, Departamentodomicilioconst, Entre Ríos
CP codPost
Tel.: 3414567897
E-mail: domicilioConstituido@mail.com>
	at com.dir.inno.normalizacion_pdfs.LectorPDFImpreso47Test.testObtenerDomicilioConst(LectorPDFImpreso47Test.java:378)

testObtenerDomicilioLegal  Time elapsed: 0.426 sec  <<< FAILURE!
org.opentest4j.AssertionFailedError: 
expected: <CalleDomicilioLegal nºcalle, Piso null, Depto 2,
Localidaddomlegal, Dptodomlegal, Entre Ríos
CP codPost
Tel.: 3414567897
E-mail: domiciliolegal@mail.com> but was: <CalleDomicilioLegal nºcalle, Piso 2, Depto null,
Localidaddomlegal, Dptodomlegal, Entre Ríos
CP codPost
Tel.: 3414567897
E-mail: domiciliolegal@mail.com>
	at com.dir.inno.normalizacion_pdfs.LectorPDFImpreso47Test.testObtenerDomicilioLegal(LectorPDFImpreso47Test.java:322)

testObtenerDomicilioReal  Time elapsed: 0.377 sec  <<< FAILURE!
org.opentest4j.AssertionFailedError: 
expected: <CalleDomRealPlanta numDomRealPlant, Piso null, Depto 2,
Rosario, Rosario, Santa Fe
CP 2000
Tel.: Telefono/Fax
Zonificacion: Parque Industrial
E-mail: emaildomrealplanta@mail.com> but was: <CalleDomRealPlanta numDomRealPlant, Piso 2, Depto null,
Rosario, Rosario, Santa Fe
CP 2000
Tel.: Telefono/Fax
Zonificacion: Parque Industrial
E-mail: emaildomrealplanta@mail.com>
	at com.dir.inno.normalizacion_pdfs.LectorPDFImpreso47Test.testObtenerDomicilioReal(LectorPDFImpreso47Test.java:594)

testObtenerNomina  Time elapsed: 208.767 sec  <<< FAILURE!
org.opentest4j.AssertionFailedError: expected: <[[Jorge, Jorgito, 22233344, The Big Boss], [Mara, Marita, 68468468, The Small Boss], [ElJefe, Lucho, 8949498, ElJefe]]> but was: <[]>
	at com.dir.inno.normalizacion_pdfs.LectorPDFImpreso47Test.testObtenerNomina(LectorPDFImpreso47Test.java:451)

