<?xml version="1.0" encoding="UTF-8"?>
<testsuite xmlns:xsi="http://www.w3.org/2001/XMLSchema-instance" xsi:schemaLocation="https://maven.apache.org/surefire/maven-surefire-plugin/xsd/surefire-test-report.xsd" name="com.dir.inno.normalizacion_pdfs.LectorPDFImpreso47VTest" time="6.906" tests="22" errors="0" skipped="0" failures="0">
  <properties>
[...]
</properties>
  <testcase name="testObtenerPartidasInm" classname="com.dir.inno.normalizacion_pdfs.LectorPDFImpreso47VTest" time="1.281"/>
  <testcase name="testObtenerDatosPlantaCatAmb" classname="com.dir.inno.normalizacion_pdfs.LectorPDFImpreso47VTest" time="0.453"/>
  <testcase name="testobtenerInmueblesAnexos" classname="com.dir.inno.normalizacion_pdfs.LectorPDFImpreso47VTest" time="0.406"/>
  <testcase name="testobtenerDomRealPlanta" classname="com.dir.inno.normalizacion_pdfs.LectorPDFImpreso47VTest" time="0.375"/>
  <testcase name="testobtenerEmisionGasCombustion" classname="com.dir.inno.normalizacion_pdfs.LectorPDFImpreso47VTest" time="0.297"/>
  <testcase name="testObtenerInsumos" classname="com.dir.inno.normalizacion_pdfs.LectorPDFImpreso47VTest" time="0.25"/>
  <testcase name="testObtenerAdministradores" classname="com.dir.inno.normalizacion_pdfs.LectorPDFImpreso47VTest" time="0.266"/>
  <testcase name="testobtenerEmisionGaseosaNatural" classname="com.dir.inno.normalizacion_pdfs.LectorPDFImpreso47VTest" time="0.266"/>
  <testcase name="testObtenerDomicilioConst" classname="com.dir.inno.normalizacion_pdfs.LectorPDFImpreso47VTest" time="0.234"/>
  <testcase name="testObtenerDomicilioLegal" classname="com.dir.inno.normalizacion_pdfs.LectorPDFImpreso47VTest" time="0.266"/>
  <testcase name="testObtenerDomicilioReal" classname="com.dir.inno.normalizacion_pdfs.LectorPDFImpreso47VTest" time="0.234"/>
  <testcase name="testobtenerFormacionDePersonal" classname="com.dir.inno.normalizacion_pdfs.LectorPDFImpreso47VTest" time="0.234"/>
  <testcase name="testobtenerDimensionamiento" classname="com.dir.inno.normalizacion_pdfs.LectorPDFImpreso47VTest" time="0.219"/>
  <testcase name="testobtenerArchivosLayOut" classname="com.dir.inno.normalizacion_pdfs.LectorPDFImpreso47VTest" time="0.25"/>
  <testcase name="testobtenerEmisionGasNoContemplado" classname="com.dir.inno.normalizacion_pdfs.LectorPDFImpreso47VTest" time="0.25"/>
  <testcase name="testobtenerSustAuxiliares" classname="com.dir.inno.normalizacion_pdfs.LectorPDFImpreso47VTest" time="0.234"/>
  <testcase name="testObtenerSubproductos" classname="com.dir.inno.normalizacion_pdfs.LectorPDFImpreso47VTest" time="0.235"/>
  <testcase name="testObtenerPlantasFueraProv" classname="com.dir.inno.normalizacion_pdfs.LectorPDFImpreso47VTest" time="0.219"/>
  <testcase name="testObtenerMateriasPrimas" classname="com.dir.inno.normalizacion_pdfs.LectorPDFImpreso47VTest" time="0.25"/>
  <testcase name="testObtenerNomina" classname="com.dir.inno.normalizacion_pdfs.LectorPDFImpreso47VTest" time="0.218"/>
  <testcase name="testObtenerEfluenteNoPeligroso" classname="com.dir.inno.normalizacion_pdfs.LectorPDFImpreso47VTest" time="0.235"/>
  <testcase name="testObtenerProductos" classname="com.dir.inno.normalizacion_pdfs.LectorPDFImpreso47VTest" time="0.218"/>
</testsuite>