<?xml version="1.0" encoding="UTF-8"?>
<testsuite xmlns:xsi="http://www.w3.org/2001/XMLSchema-instance" xsi:schemaLocation="https://maven.apache.org/surefire/maven-surefire-plugin/xsd/surefire-test-report.xsd" name="com.dir.inno.normalizacion_pdfs.LectorPDFImpreso47Test" time="0.016" tests="8" errors="0" skipped="0" failures="8">
  <properties>
[...]
</properties>
  <testcase name="com.dir.inno.normalizacion_pdfs.LectorPDFImpreso47Test.testObtenerRepLegal" classname="com.dir.inno.normalizacion_pdfs.LectorPDFImpreso47Test" time="0.016">
    <failure type="java.lang.NullPointerException">java.lang.NullPointerException
	at com.dir.inno.normalizacion_pdfs.LectorPDFImpreso47Test.testObtenerRepLegal(LectorPDFImpreso47Test.java:277)
</failure>
    <system-out><![CDATA[obtenerRepLegal
]]></system-out>
  </testcase>
  <testcase name="com.dir.inno.normalizacion_pdfs.LectorPDFImpreso47Test.testObtenerActividades" classname="com.dir.inno.normalizacion_pdfs.LectorPDFImpreso47Test" time="0">
    <failure type="java.lang.NullPointerException">java.lang.NullPointerException
	at com.dir.inno.normalizacion_pdfs.LectorPDFImpreso47Test.testObtenerActividades(LectorPDFImpreso47Test.java:233)
</failure>
    <system-out><![CDATA[obtenerActividades
]]></system-out>
  </testcase>
  <testcase name="com.dir.inno.normalizacion_pdfs.LectorPDFImpreso47Test.testObtenerNombre" classname="com.dir.inno.normalizacion_pdfs.LectorPDFImpreso47Test" time="0">
    <failure type="java.lang.NullPointerException">java.lang.NullPointerException
	at com.dir.inno.normalizacion_pdfs.LectorPDFImpreso47Test.testObtenerNombre(LectorPDFImpreso47Test.java:134)
</failure>
    <system-out><![CDATA[obtenerNombre
]]></system-out>
  </testcase>
  <testcase name="com.dir.inno.normalizacion_pdfs.LectorPDFImpreso47Test.testObtenerVersion" classname="com.dir.inno.normalizacion_pdfs.LectorPDFImpreso47Test" time="0">
    <failure type="java.lang.NullPointerException">java.lang.NullPointerException
	at com.dir.inno.normalizacion_pdfs.LectorPDFImpreso47Test.testObtenerVersion(LectorPDFImpreso47Test.java:102)
</failure>
    <system-out><![CDATA[obtenerVersion
]]></system-out>
  </testcase>
  <testcase name="com.dir.inno.normalizacion_pdfs.LectorPDFImpreso47Test.testObtenerConsultor" classname="com.dir.inno.normalizacion_pdfs.LectorPDFImpreso47Test" time="0">
    <failure type="java.lang.NullPointerException">java.lang.NullPointerException
	at com.dir.inno.normalizacion_pdfs.LectorPDFImpreso47Test.testObtenerConsultor(LectorPDFImpreso47Test.java:309)
</failure>
    <system-out><![CDATA[obtenerConsultor
]]></system-out>
  </testcase>
  <testcase name="com.dir.inno.normalizacion_pdfs.LectorPDFImpreso47Test.testObtenerCuit" classname="com.dir.inno.normalizacion_pdfs.LectorPDFImpreso47Test" time="0">
    <failure type="java.lang.NullPointerException">java.lang.NullPointerException
	at com.dir.inno.normalizacion_pdfs.LectorPDFImpreso47Test.testObtenerCuit(LectorPDFImpreso47Test.java:166)
</failure>
    <system-out><![CDATA[obtenerCuit
]]></system-out>
  </testcase>
  <testcase name="com.dir.inno.normalizacion_pdfs.LectorPDFImpreso47Test.testObtenerFechaInicioAct" classname="com.dir.inno.normalizacion_pdfs.LectorPDFImpreso47Test" time="0">
    <failure type="java.lang.NullPointerException">java.lang.NullPointerException
	at com.dir.inno.normalizacion_pdfs.LectorPDFImpreso47Test.testObtenerFechaInicioAct(LectorPDFImpreso47Test.java:200)
</failure>
    <system-out><![CDATA[obtenerFechaInicioAct
]]></system-out>
  </testcase>
  <testcase name="com.dir.inno.normalizacion_pdfs.LectorPDFImpreso47Test.testObtenerNombreArchivoFotoSat" classname="com.dir.inno.normalizacion_pdfs.LectorPDFImpreso47Test" time="0">
    <failure type="java.lang.NullPointerException">java.lang.NullPointerException
	at com.dir.inno.normalizacion_pdfs.LectorPDFImpreso47Test.testObtenerNombreArchivoFotoSat(LectorPDFImpreso47Test.java:341)
</failure>
    <system-out><![CDATA[obtenerNombreArchivoFotoSat
]]></system-out>
  </testcase>
</testsuite>